<?xml version="1.0" encoding="UTF-8"?>
<!-- Generated by org.testng.reporters.JUnitReportReporter -->
<testsuite hostname="SrinuRadha" failures="0" tests="1" name="com.tests.Sampletest" time="4.680" errors="0" timestamp="2022-09-13T16:31:01 IST" skipped="0">
  <testcase classname="com.tests.Sampletest" name="Sample1" time="4.680"/>
  <system-out/>
</testsuite> <!-- com.tests.Sampletest -->
